  源.cpp
D:\C语言\18.指针\指针\源.cpp(1,1): warning C4828: 文件包含在偏移 0x4c3 处开始的字符，该字符在当前源字符集中无效(代码页 936)。
D:\C语言\18.指针\指针\源.cpp(16,9): warning C4477: “printf”: 格式字符串“%d”需要类型“int”的参数，但可变参数 1 拥有了类型“size_t”
D:\C语言\18.指针\指针\源.cpp(16,9): message : 请考虑在格式字符串中使用“%zd”
D:\C语言\18.指针\指针\源.cpp(17,9): warning C4477: “printf”: 格式字符串“%d”需要类型“int”的参数，但可变参数 1 拥有了类型“size_t”
D:\C语言\18.指针\指针\源.cpp(17,9): message : 请考虑在格式字符串中使用“%zd”
D:\C语言\18.指针\指针\源.cpp(18,9): warning C4477: “printf”: 格式字符串“%d”需要类型“int”的参数，但可变参数 1 拥有了类型“size_t”
D:\C语言\18.指针\指针\源.cpp(18,9): message : 请考虑在格式字符串中使用“%zd”
D:\C语言\18.指针\指针\源.cpp(27,9): warning C4477: “printf”: 格式字符串“%d”需要类型“int”的参数，但可变参数 1 拥有了类型“size_t”
D:\C语言\18.指针\指针\源.cpp(27,9): message : 请考虑在格式字符串中使用“%zd”
D:\C语言\18.指针\指针\源.cpp(28,9): warning C4477: “printf”: 格式字符串“%d”需要类型“int”的参数，但可变参数 1 拥有了类型“size_t”
D:\C语言\18.指针\指针\源.cpp(28,9): message : 请考虑在格式字符串中使用“%zd”
D:\C语言\18.指针\指针\源.cpp(29,9): warning C4477: “printf”: 格式字符串“%d”需要类型“int”的参数，但可变参数 1 拥有了类型“size_t”
D:\C语言\18.指针\指针\源.cpp(29,9): message : 请考虑在格式字符串中使用“%zd”
D:\C语言\18.指针\指针\源.cpp(32,9): warning C4477: “printf”: 格式字符串“%d”需要类型“int”的参数，但可变参数 1 拥有了类型“size_t”
D:\C语言\18.指针\指针\源.cpp(32,9): message : 请考虑在格式字符串中使用“%zd”
D:\C语言\18.指针\指针\源.cpp(33,9): warning C4477: “printf”: 格式字符串“%d”需要类型“int”的参数，但可变参数 1 拥有了类型“size_t”
D:\C语言\18.指针\指针\源.cpp(33,9): message : 请考虑在格式字符串中使用“%zd”
D:\C语言\18.指针\指针\源.cpp(34,9): warning C4477: “printf”: 格式字符串“%d”需要类型“int”的参数，但可变参数 1 拥有了类型“size_t”
D:\C语言\18.指针\指针\源.cpp(34,9): message : 请考虑在格式字符串中使用“%zd”
D:\C语言\18.指针\指针\源.cpp(35,9): warning C4477: “printf”: 格式字符串“%d”需要类型“int”的参数，但可变参数 1 拥有了类型“size_t”
D:\C语言\18.指针\指针\源.cpp(35,9): message : 请考虑在格式字符串中使用“%zd”
  指针.vcxproj -> D:\C语言\18.指针\x64\Debug\指针.exe
